Arguments: 
  C:\Program Files\nodejs\node.exe C:\Users\Andre Gois\AppData\Roaming\npm\node_modules\yarn\bin\yarn.js add @types/prisma -D

PATH: 
  C:\Users\Andre Gois\bin;C:\Program Files\Git\mingw64\bin;C:\Program Files\Git\usr\local\bin;C:\Program Files\Git\usr\bin;C:\Program Files\Git\usr\bin;C:\Program Files\Git\mingw64\bin;C:\Program Files\Git\usr\bin;C:\Users\Andre Gois\bin;C:\Program Files\Java\jdk1.8.0_202\bin;C:\Python27;C:\Python27\Scripts;C:\Program Files (x86)\Common Files\Oracle\Java\javapath;C:\ProgramData\Oracle\Java\javapath;C:\Windows\system32;C:\Windows;C:\Windows\System32\Wbem;C:\Windows\System32\WindowsPowerShell\v1.0;C:\Windows\System32\OpenSSH;C:\ProgramData\chocolatey\bin;C:\Program Files\Git\cmd;C:\Users\Andre Gois\AppData\Local\Android\Sdk\platform-tools;C:\nvm;C:\Program Files\nodejs;C:\xampp\mysql\bin;C:\Program Files\MongoDB\Server\4.4\bin;C:\src\flutter\bin;C:\php;C:\composer;C:\Program Files\PuTTY;C:\Program Files\Docker\Docker\resources\bin;C:\ProgramData\DockerDesktop\version-bin;C:\Program Files\nodejs;C:\Users\Andre Gois\AppData\Local\Microsoft\WindowsApps;C:\Users\Andre Gois\AppData\Local\Programs\Microsoft VS Code\bin;C:\nvm;C:\Program Files\nodejs;C:\Program Files\heroku\bin;C:\Users\Andre Gois\AppData\Roaming\Composer\vendor\bin;C:\Users\Andre Gois\AppData\Roaming\npm;C:\Program Files\Git\usr\bin\vendor_perl;C:\Program Files\Git\usr\bin\core_perl

Yarn version: 
  1.22.18

Node version: 
  16.14.2

Platform: 
  win32 x64

Trace: 
  Error: https://registry.yarnpkg.com/@types%2fprisma: Not found
      at Request.params.callback [as _callback] (C:\Users\Andre Gois\AppData\Roaming\npm\node_modules\yarn\lib\cli.js:66138:18)
      at Request.self.callback (C:\Users\Andre Gois\AppData\Roaming\npm\node_modules\yarn\lib\cli.js:140883:22)
      at Request.emit (node:events:526:28)
      at Request.<anonymous> (C:\Users\Andre Gois\AppData\Roaming\npm\node_modules\yarn\lib\cli.js:141855:10)
      at Request.emit (node:events:526:28)
      at IncomingMessage.<anonymous> (C:\Users\Andre Gois\AppData\Roaming\npm\node_modules\yarn\lib\cli.js:141777:12)
      at Object.onceWrapper (node:events:645:28)
      at IncomingMessage.emit (node:events:538:35)
      at endReadableNT (node:internal/streams/readable:1345:12)
      at processTicksAndRejections (node:internal/process/task_queues:83:21)

npm manifest: 
  {
    "dependencies": {
      "prisma": "^3.11.1"
    }
  }

yarn manifest: 
  No manifest

Lockfile: 
  # THIS IS AN AUTOGENERATED FILE. DO NOT EDIT THIS FILE DIRECTLY.
  # yarn lockfile v1
  
  
  "@prisma/engines@3.11.1-1.1a2506facaf1a4727b7c26850735e88ec779dee9":
    version "3.11.1-1.1a2506facaf1a4727b7c26850735e88ec779dee9"
    resolved "https://registry.yarnpkg.com/@prisma/engines/-/engines-3.11.1-1.1a2506facaf1a4727b7c26850735e88ec779dee9.tgz#09ac23f8f615a8586d8d44538060ada199fe872c"
    integrity sha512-MILbsGnvmnhCbFGa2/iSnsyGyazU3afzD7ldjCIeLIGKkNBMSZgA2IvpYsAXl+6qFHKGrS3B2otKfV31dwMSQw==
  
  prisma@^3.11.1:
    version "3.11.1"
    resolved "https://registry.yarnpkg.com/prisma/-/prisma-3.11.1.tgz#fff9c0bcf83cb30c2e1d650882d5eb3c5565e028"
    integrity sha512-aYn8bQwt1xwR2oSsVNHT4PXU7EhsThIwmpNB/MNUaaMx5OPLTro6VdNJe/sJssXFLxhamfWeMjwmpXjljo6xkg==
    dependencies:
      "@prisma/engines" "3.11.1-1.1a2506facaf1a4727b7c26850735e88ec779dee9"
